Flow report for ravan
Mon Jun  2 09:37:49 2025
Quartus Prime Version 23.1std.1 Build 993 05/14/2024 SC Lite Edition


---------------------
; Table of Contents ;
---------------------
  1. Legal Notice
  2. Flow Summary
  3. Flow Settings
  4. Flow Non-Default Global Settings
  5. Flow Elapsed Time
  6. Flow OS Summary
  7. Flow Log
  8. Flow Messages
  9. Flow Suppressed Messages



----------------
; Legal Notice ;
----------------
Copyright (C) 2024  Intel Corporation. All rights reserved.
Your use of Intel Corporation's design tools, logic functions 
and other software and tools, and any partner logic 
functions, and any output files from any of the foregoing 
(including device programming or simulation files), and any 
associated documentation or information are expressly subject 
to the terms and conditions of the Intel Program License 
Subscription Agreement, the Intel Quartus Prime License Agreement,
the Intel FPGA IP License Agreement, or other applicable license
agreement, including, without limitation, that your use is for
the sole purpose of programming logic devices manufactured by
Intel and sold by Intel or its authorized distributors.  Please
refer to the applicable agreement for further details, at
https://fpgasoftware.intel.com/eula.



+------------------------------------------------------------------------------------+
; Flow Summary                                                                       ;
+-----------------------------------+------------------------------------------------+
; Flow Status                       ; Flow Failed - Mon Jun  2 09:37:49 2025         ;
; Quartus Prime Version             ; 23.1std.1 Build 993 05/14/2024 SC Lite Edition ;
; Revision Name                     ; ravan                                          ;
; Top-level Entity Name             ; ravan_axi_top                                  ;
; Family                            ; Arria II GX                                    ;
; Logic utilization                 ; N/A until Partition Merge                      ;
;     Combinational ALUTs           ; N/A until Partition Merge                      ;
;     Memory ALUTs                  ; N/A until Partition Merge                      ;
;     Dedicated logic registers     ; N/A until Partition Merge                      ;
; Total registers                   ; N/A until Partition Merge                      ;
; Total pins                        ; N/A until Partition Merge                      ;
; Total virtual pins                ; N/A until Partition Merge                      ;
; Total block memory bits           ; N/A until Partition Merge                      ;
; DSP block 18-bit elements         ; N/A until Partition Merge                      ;
; Total GXB Receiver Channel PCS    ; N/A until Partition Merge                      ;
; Total GXB Receiver Channel PMA    ; N/A until Partition Merge                      ;
; Total GXB Transmitter Channel PCS ; N/A until Partition Merge                      ;
; Total GXB Transmitter Channel PMA ; N/A until Partition Merge                      ;
; Total PLLs                        ; N/A until Partition Merge                      ;
; Total DLLs                        ; N/A until Partition Merge                      ;
+-----------------------------------+------------------------------------------------+


+-----------------------------------------+
; Flow Settings                           ;
+-------------------+---------------------+
; Option            ; Setting             ;
+-------------------+---------------------+
; Start date & time ; 06/02/2025 09:37:44 ;
; Main task         ; Compilation         ;
; Revision Name     ; ravan               ;
+-------------------+---------------------+


+-----------------------------------------------------------------------------------------------------------------------------------------------------+
; Flow Non-Default Global Settings                                                                                                                    ;
+----------------------------------------+----------------------------------------+---------------+---------------+-----------------------------------+
; Assignment Name                        ; Value                                  ; Default Value ; Entity Name   ; Section Id                        ;
+----------------------------------------+----------------------------------------+---------------+---------------+-----------------------------------+
; COMPILER_SIGNATURE_ID                  ; 24929610771969.174883726409308         ; --            ; --            ; --                                ;
; EDA_BOARD_DESIGN_BOUNDARY_SCAN_TOOL    ; BSDL (Boundary Scan)                   ; <None>        ; --            ; --                                ;
; EDA_BOARD_DESIGN_SIGNAL_INTEGRITY_TOOL ; HSPICE (Signal Integrity)              ; <None>        ; --            ; --                                ;
; EDA_BOARD_DESIGN_SYMBOL_TOOL           ; FPGA Xchange (Symbol)                  ; <None>        ; --            ; --                                ;
; EDA_BOARD_DESIGN_TIMING_TOOL           ; Stamp (Timing)                         ; <None>        ; --            ; --                                ;
; EDA_GENERATE_FUNCTIONAL_NETLIST        ; Off                                    ; --            ; --            ; eda_board_design_timing           ;
; EDA_GENERATE_FUNCTIONAL_NETLIST        ; Off                                    ; --            ; --            ; eda_board_design_boundary_scan    ;
; EDA_GENERATE_FUNCTIONAL_NETLIST        ; Off                                    ; --            ; --            ; eda_board_design_signal_integrity ;
; EDA_GENERATE_FUNCTIONAL_NETLIST        ; Off                                    ; --            ; --            ; eda_board_design_symbol           ;
; EDA_OUTPUT_DATA_FORMAT                 ; Stamp                                  ; --            ; --            ; eda_board_design_timing           ;
; EDA_OUTPUT_DATA_FORMAT                 ; Systemverilog Hdl                      ; --            ; --            ; eda_simulation                    ;
; EDA_OUTPUT_DATA_FORMAT                 ; Bsdl                                   ; --            ; --            ; eda_board_design_boundary_scan    ;
; EDA_OUTPUT_DATA_FORMAT                 ; Hspice                                 ; --            ; --            ; eda_board_design_signal_integrity ;
; EDA_OUTPUT_DATA_FORMAT                 ; Fpga Xchange                           ; --            ; --            ; eda_board_design_symbol           ;
; EDA_SIMULATION_TOOL                    ; Questa Intel FPGA (SystemVerilog)      ; <None>        ; --            ; --                                ;
; EDA_TIME_SCALE                         ; 1 ps                                   ; --            ; --            ; eda_simulation                    ;
; PARTITION_COLOR                        ; -- (Not supported for targeted family) ; --            ; ravan_axi_top ; Top                               ;
; PARTITION_FITTER_PRESERVATION_LEVEL    ; -- (Not supported for targeted family) ; --            ; ravan_axi_top ; Top                               ;
; PARTITION_NETLIST_TYPE                 ; -- (Not supported for targeted family) ; --            ; ravan_axi_top ; Top                               ;
; PROJECT_OUTPUT_DIRECTORY               ; output_files                           ; --            ; --            ; --                                ;
; TOP_LEVEL_ENTITY                       ; ravan_axi_top                          ; ravan         ; --            ; --                                ;
+----------------------------------------+----------------------------------------+---------------+---------------+-----------------------------------+


+--------------------------------------------------------------------------------------------------------------------------+
; Flow Elapsed Time                                                                                                        ;
+----------------------+--------------+-------------------------+---------------------+------------------------------------+
; Module Name          ; Elapsed Time ; Average Processors Used ; Peak Virtual Memory ; Total CPU Time (on all processors) ;
+----------------------+--------------+-------------------------+---------------------+------------------------------------+
; Analysis & Synthesis ; 00:00:06     ; 1.0                     ; 4786 MB             ; 00:00:07                           ;
; Total                ; 00:00:06     ; --                      ; --                  ; 00:00:07                           ;
+----------------------+--------------+-------------------------+---------------------+------------------------------------+


+------------------------------------------------------------------------------------+
; Flow OS Summary                                                                    ;
+----------------------+------------------+------------+------------+----------------+
; Module Name          ; Machine Hostname ; OS Name    ; OS Version ; Processor type ;
+----------------------+------------------+------------+------------+----------------+
; Analysis & Synthesis ; Rubashree        ; Windows 10 ; 10.0       ; x86_64         ;
+----------------------+------------------+------------+------------+----------------+


------------
; Flow Log ;
------------
quartus_map --read_settings_files=on --write_settings_files=off ravan -c ravan



